<?xml version="1.0" encoding="UTF-8"?>
<!-- Generated by org.testng.reporters.JUnitReportReporter -->
<testsuite hostname="DESKTOP-MTCD90O" failures="0" tests="1" name="com.internethero.internetheropjct.imagebroken" time="0.016" errors="0" timestamp="01 Jul 2019 17:32:34 GMT" skipped="0">
  <testcase classname="com.internethero.internetheropjct.imagebroken" name="validateInvalidImages" time="0.016"/>
</testsuite> <!-- com.internethero.internetheropjct.imagebroken -->
